# JRE version: Java(TM) SE Runtime Environment (14.0+36) (build 14+36-1461)
# Java VM: Java HotSpot(TM) 64-Bit Server VM (14+36-1461, mixed mode, sharing, tiered, compressed oops, g1 gc, windows-amd64)
Heap:
 garbage-first heap   total 70656K, used 40849K [0x0000000081c00000, 0x0000000100000000)
  region size 1024K, 12 young (12288K), 1 survivors (1024K)
 Metaspace       used 65516K, capacity 67145K, committed 67400K, reserved 1107968K
  class space    used 8173K, capacity 8773K, committed 8908K, reserved 1048576K
GC Heap History (20 events):
Event: 26806.138 GC heap before
{Heap before GC invocations=108 (full 0):
 garbage-first heap   total 70656K, used 61269K [0x0000000081c00000, 0x0000000100000000)
  region size 1024K, 31 young (31744K), 1 survivors (1024K)
 Metaspace       used 65515K, capacity 67145K, committed 67400K, reserved 1107968K
  class space    used 8173K, capacity 8773K, committed 8908K, reserved 1048576K
}
Event: 26806.139 GC heap after
{Heap after GC invocations=109 (full 0):
 garbage-first heap   total 70656K, used 30574K [0x0000000081c00000, 0x0000000100000000)
  region size 1024K, 1 young (1024K), 1 survivors (1024K)
 Metaspace       used 65515K, capacity 67145K, committed 67400K, reserved 1107968K
  class space    used 8173K, capacity 8773K, committed 8908K, reserved 1048576K
}
Event: 26806.966 GC heap before
{Heap before GC invocations=109 (full 0):
 garbage-first heap   total 70656K, used 61294K [0x0000000081c00000, 0x0000000100000000)
  region size 1024K, 31 young (31744K), 1 survivors (1024K)
 Metaspace       used 65515K, capacity 67145K, committed 67400K, reserved 1107968K
  class space    used 8173K, capacity 8773K, committed 8908K, reserved 1048576K
}
Event: 26806.966 GC heap after
{Heap after GC invocations=110 (full 0):
 garbage-first heap   total 70656K, used 30564K [0x0000000081c00000, 0x0000000100000000)
  region size 1024K, 1 young (1024K), 1 survivors (1024K)
 Metaspace       used 65515K, capacity 67145K, committed 67400K, reserved 1107968K
  class space    used 8173K, capacity 8773K, committed 8908K, reserved 1048576K
}
Event: 26808.014 GC heap before
{Heap before GC invocations=110 (full 0):
 garbage-first heap   total 70656K, used 61284K [0x0000000081c00000, 0x0000000100000000)
  region size 1024K, 31 young (31744K), 1 survivors (1024K)
 Metaspace       used 65515K, capacity 67145K, committed 67400K, reserved 1107968K
  class space    used 8173K, capacity 8773K, committed 8908K, reserved 1048576K
}
Event: 26808.015 GC heap after
{Heap after GC invocations=111 (full 0):
 garbage-first heap   total 70656K, used 30573K [0x0000000081c00000, 0x0000000100000000)
  region size 1024K, 1 young (1024K), 1 survivors (1024K)
 Metaspace       used 65515K, capacity 67145K, committed 67400K, reserved 1107968K
  class space    used 8173K, capacity 8773K, committed 8908K, reserved 1048576K
}
Event: 26808.952 GC heap before
{Heap before GC invocations=111 (full 0):
 garbage-first heap   total 70656K, used 61293K [0x0000000081c00000, 0x0000000100000000)
  region size 1024K, 31 young (31744K), 1 survivors (1024K)
 Metaspace       used 65515K, capacity 67145K, committed 67400K, reserved 1107968K
  class space    used 8173K, capacity 8773K, committed 8908K, reserved 1048576K
}
Event: 26808.954 GC heap after
{Heap after GC invocations=112 (full 0):
 garbage-first heap   total 70656K, used 30571K [0x0000000081c00000, 0x0000000100000000)
  region size 1024K, 1 young (1024K), 1 survivors (1024K)
 Metaspace       used 65515K, capacity 67145K, committed 67400K, reserved 1107968K
  class space    used 8173K, capacity 8773K, committed 8908K, reserved 1048576K
}
Event: 26810.198 GC heap before
{Heap before GC invocations=112 (full 0):
 garbage-first heap   total 70656K, used 61291K [0x0000000081c00000, 0x0000000100000000)
  region size 1024K, 31 young (31744K), 1 survivors (1024K)
 Metaspace       used 65515K, capacity 67145K, committed 67400K, reserved 1107968K
  class space    used 8173K, capacity 8773K, committed 8908K, reserved 1048576K
}
Event: 26810.199 GC heap after
{Heap after GC invocations=113 (full 0):
 garbage-first heap   total 70656K, used 30576K [0x0000000081c00000, 0x0000000100000000)
  region size 1024K, 1 young (1024K), 1 survivors (1024K)
 Metaspace       used 65515K, capacity 67145K, committed 67400K, reserved 1107968K
  class space    used 8173K, capacity 8773K, committed 8908K, reserved 1048576K
}
Event: 26811.262 GC heap before
{Heap before GC invocations=113 (full 0):
 garbage-first heap   total 70656K, used 61296K [0x0000000081c00000, 0x0000000100000000)
  region size 1024K, 31 young (31744K), 1 survivors (1024K)
 Metaspace       used 65515K, capacity 67145K, committed 67400K, reserved 1107968K
  class space    used 8173K, capacity 8773K, committed 8908K, reserved 1048576K
}
Event: 26811.262 GC heap after
{Heap after GC invocations=114 (full 0):
 garbage-first heap   total 70656K, used 30574K [0x0000000081c00000, 0x0000000100000000)
  region size 1024K, 1 young (1024K), 1 survivors (1024K)
 Metaspace       used 65515K, capacity 67145K, committed 67400K, reserved 1107968K
  class space    used 8173K, capacity 8773K, committed 8908K, reserved 1048576K
}
Event: 26812.360 GC heap before
{Heap before GC invocations=114 (full 0):
 garbage-first heap   total 70656K, used 61294K [0x0000000081c00000, 0x0000000100000000)
  region size 1024K, 31 young (31744K), 1 survivors (1024K)
 Metaspace       used 65515K, capacity 67145K, committed 67400K, reserved 1107968K
  class space    used 8173K, capacity 8773K, committed 8908K, reserved 1048576K
}
Event: 26812.361 GC heap after
{Heap after GC invocations=115 (full 0):
 garbage-first heap   total 70656K, used 30575K [0x0000000081c00000, 0x0000000100000000)
  region size 1024K, 1 young (1024K), 1 survivors (1024K)
 Metaspace       used 65515K, capacity 67145K, committed 67400K, reserved 1107968K
  class space    used 8173K, capacity 8773K, committed 8908K, reserved 1048576K
}
Event: 26813.479 GC heap before
{Heap before GC invocations=115 (full 0):
 garbage-first heap   total 70656K, used 61295K [0x0000000081c00000, 0x0000000100000000)
  region size 1024K, 31 young (31744K), 1 survivors (1024K)
 Metaspace       used 65515K, capacity 67145K, committed 67400K, reserved 1107968K
  class space    used 8173K, capacity 8773K, committed 8908K, reserved 1048576K
}
Event: 26813.480 GC heap after
{Heap after GC invocations=116 (full 0):
 garbage-first heap   total 70656K, used 30602K [0x0000000081c00000, 0x0000000100000000)
  region size 1024K, 1 young (1024K), 1 survivors (1024K)
 Metaspace       used 65515K, capacity 67145K, committed 67400K, reserved 1107968K
  class space    used 8173K, capacity 8773K, committed 8908K, reserved 1048576K
}
Event: 26814.377 GC heap before
{Heap before GC invocations=116 (full 0):
 garbage-first heap   total 70656K, used 61322K [0x0000000081c00000, 0x0000000100000000)
  region size 1024K, 31 young (31744K), 1 survivors (1024K)
 Metaspace       used 65515K, capacity 67145K, committed 67400K, reserved 1107968K
  class space    used 8173K, capacity 8773K, committed 8908K, reserved 1048576K
}
Event: 26814.377 GC heap after
{Heap after GC invocations=117 (full 0):
 garbage-first heap   total 70656K, used 30592K [0x0000000081c00000, 0x0000000100000000)
  region size 1024K, 1 young (1024K), 1 survivors (1024K)
 Metaspace       used 65515K, capacity 67145K, committed 67400K, reserved 1107968K
  class space    used 8173K, capacity 8773K, committed 8908K, reserved 1048576K
}
Event: 26814.777 GC heap before
{Heap before GC invocations=117 (full 0):
 garbage-first heap   total 70656K, used 61312K [0x0000000081c00000, 0x0000000100000000)
  region size 1024K, 31 young (31744K), 1 survivors (1024K)
 Metaspace       used 65515K, capacity 67145K, committed 67400K, reserved 1107968K
  class space    used 8173K, capacity 8773K, committed 8908K, reserved 1048576K
}
Event: 26814.778 GC heap after
{Heap after GC invocations=118 (full 0):
 garbage-first heap   total 70656K, used 30643K [0x0000000081c00000, 0x0000000100000000)
  region size 1024K, 1 young (1024K), 1 survivors (1024K)
 Metaspace       used 65515K, capacity 67145K, committed 67400K, reserved 1107968K
  class space    used 8173K, capacity 8773K, committed 8908K, reserved 1048576K
}

